[0;20mINFO : off.py, line 187 in __logger_init__ : Saving data to C:\Users\kohlh\OneDrive - Delft University of Technology\Desktop\Study\MSc\research assignment\git\OFF_RTS_PLC_API\runs\\off_run_20250927171336763159.[0m
[35;20mINFO : wake_solver.py, line 59 in __init__ : Wake solver settings:[0m
[35;20mINFO : wake_solver.py, line 60 in __init__ : {'wake_solver': 'TWFSolver', 'wake_model': 'FLORIS GCH', 'op_propagation': 'frozen turbulence', 'extrapolation': 'pair', 'n_op': 200}[0m
[35;20mINFO : wake_solver.py, line 239 in __init__ : FLORIDyn TWF solver created.[0m
[34;20mINFO : wake_model.py, line 444 in __init__ : Interface for the  model initialized[0m
[34;20mINFO : wake_model.py, line 446 in __init__ : FLORIS 4 object created.[0m
[0;20mINFO : off.py, line 71 in __init__ : No controller specified, running open-loop simulation.[0m
[36;20mINFO : turbine.py, line 386 in get_rotor_pos : Orientation [0] 302.904 [0m
[32;20mINFO : windfarm.py, line 93 in get_layout : Wind farm layout:[0m
[32;20mINFO : windfarm.py, line 94 in get_layout : [[0. 0. 1. 1.]][0m
[36;20mINFO : turbine.py, line 386 in get_rotor_pos : Orientation [0] 302.904 [0m
[36;20mINFO : turbine.py, line 386 in get_rotor_pos : Orientation [0] 302.904 [0m
[32;20mINFO : windfarm.py, line 93 in get_layout : Wind farm layout:[0m
[32;20mINFO : windfarm.py, line 94 in get_layout : [[0. 0. 1. 1.]][0m
[36;20mINFO : turbine.py, line 386 in get_rotor_pos : Orientation [0] 302.904 [0m
[36;20mINFO : turbine.py, line 47 in __init__ : Turbine states chain created with 1 time steps and 3 states[0m
[36;20mINFO : turbine.py, line 49 in __init__ : ['axial induction (-), yaw (deg), added turbulence intensity (%)'][0m
[0;20mINFO : ambient.py, line 46 in __init__ : Ambient states chain created with 1 time steps and 3 states[0m
[0;20mINFO : ambient.py, line 48 in __init__ : ['Abs. wind speed (m/s)', 'Wind direction (deg)', 'Ambient turbulence intensity (%)'][0m
[35;20mINFO : wake_solver.py, line 352 in _get_wind_speeds_rp : TWF layout for turbine 0:[0m
[35;20mINFO : wake_solver.py, line 353 in _get_wind_speeds_rp : [[0. 0. 1. 1.]][0m
[35;20mINFO : wake_solver.py, line 372 in _get_wind_speeds_rp : Effective wind speed of turbine 0 : 8.188654034249442 m/s[0m
[0;20mINFO : off.py, line 242 in run_one_step : Rotor wind speed of all turbines:[0m
[0;20mINFO : off.py, line 243 in run_one_step : [[ 6.87504605 -4.44834763]][0m
[0;20mINFO : off.py, line 245 in run_one_step : Power generated by all turbines: [[0.]][0m
[0;20mDEBUG : off.py, line 259 in run_one_step : [[ 0.00000000e+00  0.00000000e+00  1.00000000e+00]
 [ 6.71665553e+00 -4.34586452e+00  1.00000000e+00]
 [ 1.34333111e+01 -8.69172904e+00  1.00000000e+00]
 [ 2.01499666e+01 -1.30375936e+01  1.00000000e+00]
 [ 2.68666221e+01 -1.73834581e+01  1.00000000e+00]
 [ 3.35832777e+01 -2.17293226e+01  1.00000000e+00]
 [ 4.02999332e+01 -2.60751871e+01  1.00000000e+00]
 [ 4.70165887e+01 -3.04210516e+01  1.00000000e+00]
 [ 5.37332443e+01 -3.47669162e+01  1.00000000e+00]
 [ 6.04498998e+01 -3.91127807e+01  1.00000000e+00]
 [ 6.71665553e+01 -4.34586452e+01  1.00000000e+00]
 [ 7.38832109e+01 -4.78045097e+01  1.00000000e+00]
 [ 8.05998664e+01 -5.21503743e+01  1.00000000e+00]
 [ 8.73165219e+01 -5.64962388e+01  1.00000000e+00]
 [ 9.40331775e+01 -6.08421033e+01  1.00000000e+00]
 [ 1.00749833e+02 -6.51879678e+01  1.00000000e+00]
 [ 1.07466489e+02 -6.95338323e+01  1.00000000e+00]
 [ 1.14183144e+02 -7.38796969e+01  1.00000000e+00]
 [ 1.20899800e+02 -7.82255614e+01  1.00000000e+00]
 [ 1.27616455e+02 -8.25714259e+01  1.00000000e+00]
 [ 1.34333111e+02 -8.69172904e+01  1.00000000e+00]
 [ 1.41049766e+02 -9.12631549e+01  1.00000000e+00]
 [ 1.47766422e+02 -9.56090195e+01  1.00000000e+00]
 [ 1.54483077e+02 -9.99548840e+01  1.00000000e+00]
 [ 1.61199733e+02 -1.04300749e+02  1.00000000e+00]
 [ 1.67916388e+02 -1.08646613e+02  1.00000000e+00]
 [ 1.74633044e+02 -1.12992478e+02  1.00000000e+00]
 [ 1.81349699e+02 -1.17338342e+02  1.00000000e+00]
 [ 1.88066355e+02 -1.21684207e+02  1.00000000e+00]
 [ 1.94783010e+02 -1.26030071e+02  1.00000000e+00]
 [ 2.01499666e+02 -1.30375936e+02  1.00000000e+00]
 [ 2.08216322e+02 -1.34721800e+02  1.00000000e+00]
 [ 2.14932977e+02 -1.39067665e+02  1.00000000e+00]
 [ 2.21649633e+02 -1.43413529e+02  1.00000000e+00]
 [ 2.28366288e+02 -1.47759394e+02  1.00000000e+00]
 [ 2.35082944e+02 -1.52105258e+02  1.00000000e+00]
 [ 2.41799599e+02 -1.56451123e+02  1.00000000e+00]
 [ 2.48516255e+02 -1.60796987e+02  1.00000000e+00]
 [ 2.55232910e+02 -1.65142852e+02  1.00000000e+00]
 [ 2.61949566e+02 -1.69488716e+02  1.00000000e+00]
 [ 2.68666221e+02 -1.73834581e+02  1.00000000e+00]
 [ 2.75382877e+02 -1.78180445e+02  1.00000000e+00]
 [ 2.82099532e+02 -1.82526310e+02  1.00000000e+00]
 [ 2.88816188e+02 -1.86872174e+02  1.00000000e+00]
 [ 2.95532843e+02 -1.91218039e+02  1.00000000e+00]
 [ 3.02249499e+02 -1.95563903e+02  1.00000000e+00]
 [ 3.08966155e+02 -1.99909768e+02  1.00000000e+00]
 [ 3.15682810e+02 -2.04255632e+02  1.00000000e+00]
 [ 3.22399466e+02 -2.08601497e+02  1.00000000e+00]
 [ 3.29116121e+02 -2.12947362e+02  1.00000000e+00]
 [ 3.35832777e+02 -2.17293226e+02  1.00000000e+00]
 [ 3.42549432e+02 -2.21639091e+02  1.00000000e+00]
 [ 3.49266088e+02 -2.25984955e+02  1.00000000e+00]
 [ 3.55982743e+02 -2.30330820e+02  1.00000000e+00]
 [ 3.62699399e+02 -2.34676684e+02  1.00000000e+00]
 [ 3.69416054e+02 -2.39022549e+02  1.00000000e+00]
 [ 3.76132710e+02 -2.43368413e+02  1.00000000e+00]
 [ 3.82849365e+02 -2.47714278e+02  1.00000000e+00]
 [ 3.89566021e+02 -2.52060142e+02  1.00000000e+00]
 [ 3.96282677e+02 -2.56406007e+02  1.00000000e+00]
 [ 4.02999332e+02 -2.60751871e+02  1.00000000e+00]
 [ 4.09715988e+02 -2.65097736e+02  1.00000000e+00]
 [ 4.16432643e+02 -2.69443600e+02  1.00000000e+00]
 [ 4.23149299e+02 -2.73789465e+02  1.00000000e+00]
 [ 4.29865954e+02 -2.78135329e+02  1.00000000e+00]
 [ 4.36582610e+02 -2.82481194e+02  1.00000000e+00]
 [ 4.43299265e+02 -2.86827058e+02  1.00000000e+00]
 [ 4.50015921e+02 -2.91172923e+02  1.00000000e+00]
 [ 4.56732576e+02 -2.95518787e+02  1.00000000e+00]
 [ 4.63449232e+02 -2.99864652e+02  1.00000000e+00]
 [ 4.70165887e+02 -3.04210516e+02  1.00000000e+00]
 [ 4.76882543e+02 -3.08556381e+02  1.00000000e+00]
 [ 4.83599198e+02 -3.12902246e+02  1.00000000e+00]
 [ 4.90315854e+02 -3.17248110e+02  1.00000000e+00]
 [ 4.97032510e+02 -3.21593975e+02  1.00000000e+00]
 [ 5.03749165e+02 -3.25939839e+02  1.00000000e+00]
 [ 5.10465821e+02 -3.30285704e+02  1.00000000e+00]
 [ 5.17182476e+02 -3.34631568e+02  1.00000000e+00]
 [ 5.23899132e+02 -3.38977433e+02  1.00000000e+00]
 [ 5.30615787e+02 -3.43323297e+02  1.00000000e+00]
 [ 5.37332443e+02 -3.47669162e+02  1.00000000e+00]
 [ 5.44049098e+02 -3.52015026e+02  1.00000000e+00]
 [ 5.50765754e+02 -3.56360891e+02  1.00000000e+00]
 [ 5.57482409e+02 -3.60706755e+02  1.00000000e+00]
 [ 5.64199065e+02 -3.65052620e+02  1.00000000e+00]
 [ 5.70915720e+02 -3.69398484e+02  1.00000000e+00]
 [ 5.77632376e+02 -3.73744349e+02  1.00000000e+00]
 [ 5.84349031e+02 -3.78090213e+02  1.00000000e+00]
 [ 5.91065687e+02 -3.82436078e+02  1.00000000e+00]
 [ 5.97782343e+02 -3.86781942e+02  1.00000000e+00]
 [ 6.04498998e+02 -3.91127807e+02  1.00000000e+00]
 [ 6.11215654e+02 -3.95473671e+02  1.00000000e+00]
 [ 6.17932309e+02 -3.99819536e+02  1.00000000e+00]
 [ 6.24648965e+02 -4.04165400e+02  1.00000000e+00]
 [ 6.31365620e+02 -4.08511265e+02  1.00000000e+00]
 [ 6.38082276e+02 -4.12857130e+02  1.00000000e+00]
 [ 6.44798931e+02 -4.17202994e+02  1.00000000e+00]
 [ 6.51515587e+02 -4.21548859e+02  1.00000000e+00]
 [ 6.58232242e+02 -4.25894723e+02  1.00000000e+00]
 [ 6.64948898e+02 -4.30240588e+02  1.00000000e+00]
 [ 6.71665553e+02 -4.34586452e+02  1.00000000e+00]
 [ 6.78382209e+02 -4.38932317e+02  1.00000000e+00]
 [ 6.85098864e+02 -4.43278181e+02  1.00000000e+00]
 [ 6.91815520e+02 -4.47624046e+02  1.00000000e+00]
 [ 6.98532176e+02 -4.51969910e+02  1.00000000e+00]
 [ 7.05248831e+02 -4.56315775e+02  1.00000000e+00]
 [ 7.11965487e+02 -4.60661639e+02  1.00000000e+00]
 [ 7.18682142e+02 -4.65007504e+02  1.00000000e+00]
 [ 7.25398798e+02 -4.69353368e+02  1.00000000e+00]
 [ 7.32115453e+02 -4.73699233e+02  1.00000000e+00]
 [ 7.38832109e+02 -4.78045097e+02  1.00000000e+00]
 [ 7.45548764e+02 -4.82390962e+02  1.00000000e+00]
 [ 7.52265420e+02 -4.86736826e+02  1.00000000e+00]
 [ 7.58982075e+02 -4.91082691e+02  1.00000000e+00]
 [ 7.65698731e+02 -4.95428555e+02  1.00000000e+00]
 [ 7.72415386e+02 -4.99774420e+02  1.00000000e+00]
 [ 7.79132042e+02 -5.04120284e+02  1.00000000e+00]
 [ 7.85848697e+02 -5.08466149e+02  1.00000000e+00]
 [ 7.92565353e+02 -5.12812014e+02  1.00000000e+00]
 [ 7.99282009e+02 -5.17157878e+02  1.00000000e+00]
 [ 8.05998664e+02 -5.21503743e+02  1.00000000e+00]
 [ 8.12715320e+02 -5.25849607e+02  1.00000000e+00]
 [ 8.19431975e+02 -5.30195472e+02  1.00000000e+00]
 [ 8.26148631e+02 -5.34541336e+02  1.00000000e+00]
 [ 8.32865286e+02 -5.38887201e+02  1.00000000e+00]
 [ 8.39581942e+02 -5.43233065e+02  1.00000000e+00]
 [ 8.46298597e+02 -5.47578930e+02  1.00000000e+00]
 [ 8.53015253e+02 -5.51924794e+02  1.00000000e+00]
 [ 8.59731908e+02 -5.56270659e+02  1.00000000e+00]
 [ 8.66448564e+02 -5.60616523e+02  1.00000000e+00]
 [ 8.73165219e+02 -5.64962388e+02  1.00000000e+00]
 [ 8.79881875e+02 -5.69308252e+02  1.00000000e+00]
 [ 8.86598530e+02 -5.73654117e+02  1.00000000e+00]
 [ 8.93315186e+02 -5.77999981e+02  1.00000000e+00]
 [ 9.00031842e+02 -5.82345846e+02  1.00000000e+00]
 [ 9.06748497e+02 -5.86691710e+02  1.00000000e+00]
 [ 9.13465153e+02 -5.91037575e+02  1.00000000e+00]
 [ 9.20181808e+02 -5.95383439e+02  1.00000000e+00]
 [ 9.26898464e+02 -5.99729304e+02  1.00000000e+00]
 [ 9.33615119e+02 -6.04075168e+02  1.00000000e+00]
 [ 9.40331775e+02 -6.08421033e+02  1.00000000e+00]
 [ 9.47048430e+02 -6.12766897e+02  1.00000000e+00]
 [ 9.53765086e+02 -6.17112762e+02  1.00000000e+00]
 [ 9.60481741e+02 -6.21458627e+02  1.00000000e+00]
 [ 9.67198397e+02 -6.25804491e+02  1.00000000e+00]
 [ 9.73915052e+02 -6.30150356e+02  1.00000000e+00]
 [ 9.80631708e+02 -6.34496220e+02  1.00000000e+00]
 [ 9.87348364e+02 -6.38842085e+02  1.00000000e+00]
 [ 9.94065019e+02 -6.43187949e+02  1.00000000e+00]
 [ 1.00078167e+03 -6.47533814e+02  1.00000000e+00]
 [ 1.00749833e+03 -6.51879678e+02  1.00000000e+00]
 [ 1.01421499e+03 -6.56225543e+02  1.00000000e+00]
 [ 1.02093164e+03 -6.60571407e+02  1.00000000e+00]
 [ 1.02764830e+03 -6.64917272e+02  1.00000000e+00]
 [ 1.03436495e+03 -6.69263136e+02  1.00000000e+00]
 [ 1.04108161e+03 -6.73609001e+02  1.00000000e+00]
 [ 1.04779826e+03 -6.77954865e+02  1.00000000e+00]
 [ 1.05451492e+03 -6.82300730e+02  1.00000000e+00]
 [ 1.06123157e+03 -6.86646594e+02  1.00000000e+00]
 [ 1.06794823e+03 -6.90992459e+02  1.00000000e+00]
 [ 1.07466489e+03 -6.95338323e+02  1.00000000e+00]
 [ 1.08138154e+03 -6.99684188e+02  1.00000000e+00]
 [ 1.08809820e+03 -7.04030052e+02  1.00000000e+00]
 [ 1.09481485e+03 -7.08375917e+02  1.00000000e+00]
 [ 1.10153151e+03 -7.12721781e+02  1.00000000e+00]
 [ 1.10824816e+03 -7.17067646e+02  1.00000000e+00]
 [ 1.11496482e+03 -7.21413511e+02  1.00000000e+00]
 [ 1.12168147e+03 -7.25759375e+02  1.00000000e+00]
 [ 1.12839813e+03 -7.30105240e+02  1.00000000e+00]
 [ 1.13511479e+03 -7.34451104e+02  1.00000000e+00]
 [ 1.14183144e+03 -7.38796969e+02  1.00000000e+00]
 [ 1.14854810e+03 -7.43142833e+02  1.00000000e+00]
 [ 1.15526475e+03 -7.47488698e+02  1.00000000e+00]
 [ 1.16198141e+03 -7.51834562e+02  1.00000000e+00]
 [ 1.16869806e+03 -7.56180427e+02  1.00000000e+00]
 [ 1.17541472e+03 -7.60526291e+02  1.00000000e+00]
 [ 1.18213137e+03 -7.64872156e+02  1.00000000e+00]
 [ 1.18884803e+03 -7.69218020e+02  1.00000000e+00]
 [ 1.19556469e+03 -7.73563885e+02  1.00000000e+00]
 [ 1.20228134e+03 -7.77909749e+02  1.00000000e+00]
 [ 1.20899800e+03 -7.82255614e+02  1.00000000e+00]
 [ 1.21571465e+03 -7.86601478e+02  1.00000000e+00]
 [ 1.22243131e+03 -7.90947343e+02  1.00000000e+00]
 [ 1.22914796e+03 -7.95293207e+02  1.00000000e+00]
 [ 1.23586462e+03 -7.99639072e+02  1.00000000e+00]
 [ 1.24258127e+03 -8.03984936e+02  1.00000000e+00]
 [ 1.24929793e+03 -8.08330801e+02  1.00000000e+00]
 [ 1.25601458e+03 -8.12676665e+02  1.00000000e+00]
 [ 1.26273124e+03 -8.17022530e+02  1.00000000e+00]
 [ 1.26944790e+03 -8.21368395e+02  1.00000000e+00]
 [ 1.27616455e+03 -8.25714259e+02  1.00000000e+00]
 [ 1.28288121e+03 -8.30060124e+02  1.00000000e+00]
 [ 1.28959786e+03 -8.34405988e+02  1.00000000e+00]
 [ 1.29631452e+03 -8.38751853e+02  1.00000000e+00]
 [ 1.30303117e+03 -8.43097717e+02  1.00000000e+00]
 [ 1.30974783e+03 -8.47443582e+02  1.00000000e+00]
 [ 1.31646448e+03 -8.51789446e+02  1.00000000e+00]
 [ 1.32318114e+03 -8.56135311e+02  1.00000000e+00]
 [ 1.32989780e+03 -8.60481175e+02  1.00000000e+00]
 [ 1.33661445e+03 -8.64827040e+02  1.00000000e+00]][0m
