[0;20mINFO : off.py, line 187 in __logger_init__ : Saving data to C:\Users\kohlh\OneDrive - Delft University of Technology\Desktop\Study\MSc\research assignment\git\OFF_RTS_PLC_API\runs\\off_run_20250927171139121180.[0m
[35;20mINFO : wake_solver.py, line 59 in __init__ : Wake solver settings:[0m
[35;20mINFO : wake_solver.py, line 60 in __init__ : {'wake_solver': 'TWFSolver', 'wake_model': 'FLORIS GCH', 'op_propagation': 'frozen turbulence', 'extrapolation': 'pair', 'n_op': 200}[0m
[35;20mINFO : wake_solver.py, line 239 in __init__ : FLORIDyn TWF solver created.[0m
[34;20mINFO : wake_model.py, line 444 in __init__ : Interface for the  model initialized[0m
[34;20mINFO : wake_model.py, line 446 in __init__ : FLORIS 4 object created.[0m
[0;20mINFO : off.py, line 71 in __init__ : No controller specified, running open-loop simulation.[0m
[36;20mINFO : turbine.py, line 386 in get_rotor_pos : Orientation [0] 302.904 [0m
[32;20mINFO : windfarm.py, line 93 in get_layout : Wind farm layout:[0m
[32;20mINFO : windfarm.py, line 94 in get_layout : [[0. 0. 1. 1.]][0m
[36;20mINFO : turbine.py, line 386 in get_rotor_pos : Orientation [0] 302.904 [0m
[36;20mINFO : turbine.py, line 386 in get_rotor_pos : Orientation [0] 302.904 [0m
[32;20mINFO : windfarm.py, line 93 in get_layout : Wind farm layout:[0m
[32;20mINFO : windfarm.py, line 94 in get_layout : [[0. 0. 1. 1.]][0m
[36;20mINFO : turbine.py, line 386 in get_rotor_pos : Orientation [0] 302.904 [0m
[36;20mINFO : turbine.py, line 47 in __init__ : Turbine states chain created with 1 time steps and 3 states[0m
[36;20mINFO : turbine.py, line 49 in __init__ : ['axial induction (-), yaw (deg), added turbulence intensity (%)'][0m
[0;20mINFO : ambient.py, line 46 in __init__ : Ambient states chain created with 1 time steps and 3 states[0m
[0;20mINFO : ambient.py, line 48 in __init__ : ['Abs. wind speed (m/s)', 'Wind direction (deg)', 'Ambient turbulence intensity (%)'][0m
[35;20mINFO : wake_solver.py, line 352 in _get_wind_speeds_rp : TWF layout for turbine 0:[0m
[35;20mINFO : wake_solver.py, line 353 in _get_wind_speeds_rp : [[0. 0. 1. 1.]][0m
[35;20mINFO : wake_solver.py, line 372 in _get_wind_speeds_rp : Effective wind speed of turbine 0 : 8.188654034249442 m/s[0m
